<?xml version="1.0" encoding="UTF-8" ?>
<testsuite tests="1" failures="0" name="org.eis.zwy.base.service.AppTest" time="0.001" errors="0" skipped="0">
  <properties>
    <property name="idea.version" value="2020.3"/>
    <property name="java.runtime.name" value="Java(TM) SE Runtime Environment"/>
    <property name="sun.boot.library.path" value="D:\软件\Java\jdk1.8.0_91\jre\bin"/>
    <property name="java.vm.version" value="25.91-b14"/>
    <property name="java.vm.vendor" value="Oracle Corporation"/>
    <property name="maven.multiModuleProjectDirectory" value="D:\projects\eis-jianming-parent"/>
    <property name="java.vendor.url" value="http://java.oracle.com/"/>
    <property name="path.separator" value=";"/>
    <property name="guice.disable.misplaced.annotation.check" value="true"/>
    <property name="java.vm.name" value="Java HotSpot(TM) 64-Bit Server VM"/>
    <property name="file.encoding.pkg" value="sun.io"/>
    <property name="user.script" value=""/>
    <property name="user.country" value="CN"/>
    <property name="sun.java.launcher" value="SUN_STANDARD"/>
    <property name="sun.os.patch.level" value=""/>
    <property name="java.vm.specification.name" value="Java Virtual Machine Specification"/>
    <property name="user.dir" value="D:\projects\eis-jianming-parent"/>
    <property name="java.runtime.version" value="1.8.0_91-b14"/>
    <property name="java.awt.graphicsenv" value="sun.awt.Win32GraphicsEnvironment"/>
    <property name="java.endorsed.dirs" value="D:\软件\Java\jdk1.8.0_91\jre\lib\endorsed"/>
    <property name="os.arch" value="amd64"/>
    <property name="java.io.tmpdir" value="C:\Users\dubux\AppData\Local\Temp\"/>
    <property name="line.separator" value="
"/>
    <property name="java.vm.specification.vendor" value="Oracle Corporation"/>
    <property name="user.variant" value=""/>
    <property name="os.name" value="Windows 10"/>
    <property name="maven.ext.class.path" value="D:\软件\Java\Intellj\IntelliJ IDEA 2020\plugins\maven\lib\maven-event-listener.jar"/>
    <property name="classworlds.conf" value="D:\软件\Java\Intellj\IntelliJ IDEA 2020\plugins\maven\lib\maven3\bin\m2.conf"/>
    <property name="sun.jnu.encoding" value="GBK"/>
    <property name="java.library.path" value="D:\软件\Java\jdk1.8.0_91\bin;C:\WINDOWS\Sun\Java\bin;C:\WINDOWS\system32;C:\WINDOWS;C:\WINDOWS\system32;C:\WINDOWS;C:\WINDOWS\System32\Wbem;C:\WINDOWS\System32\WindowsPowerShell\v1.0\;C:\WINDOWS\System32\OpenSSH\;C:\Program Files\nodejs\;D:\软件\Java\Git\bin;C:\Program Files\dotnet\;C:\Program Files\Microsoft SQL Server\130\Tools\Binn\;C:\Program Files\Microsoft SQL Server\Client SDK\ODBC\170\Tools\Binn\;D:\软件\go\bin;C:\Program Files (x86)\ZeroTier\One\;C:\Users\dubux\AppData\Local\Microsoft\WindowsApps;;C:\Users\dubux\AppData\Local\Programs\Microsoft VS Code\bin;C:\Users\dubux\AppData\Roaming\npm;C:\Users\dubux\.dotnet\tools;."/>
    <property name="maven.conf" value="D:\软件\Java\Intellj\IntelliJ IDEA 2020\plugins\maven\lib\maven3/conf"/>
    <property name="java.specification.name" value="Java Platform API Specification"/>
    <property name="java.class.version" value="52.0"/>
    <property name="sun.management.compiler" value="HotSpot 64-Bit Tiered Compilers"/>
    <property name="maven.repo.local" value="D:\软件\Java\maven\repository"/>
    <property name="os.version" value="10.0"/>
    <property name="user.home" value="C:\Users\dubux"/>
    <property name="user.timezone" value="Asia/Shanghai"/>
    <property name="java.awt.printerjob" value="sun.awt.windows.WPrinterJob"/>
    <property name="java.specification.version" value="1.8"/>
    <property name="file.encoding" value="UTF-8"/>
    <property name="user.name" value="dubux"/>
    <property name="java.class.path" value="D:\软件\Java\Intellj\IntelliJ IDEA 2020\plugins\maven\lib\maven3\boot\plexus-classworlds-2.6.0.jar;D:\软件\Java\Intellj\IntelliJ IDEA 2020\plugins\maven\lib\maven3\boot\plexus-classworlds.license;D:\软件\Java\Intellj\IntelliJ IDEA 2020\lib\idea_rt.jar"/>
    <property name="java.vm.specification.version" value="1.8"/>
    <property name="sun.arch.data.model" value="64"/>
    <property name="java.home" value="D:\软件\Java\jdk1.8.0_91\jre"/>
    <property name="sun.java.command" value="org.codehaus.classworlds.Launcher -Didea.version=2020.3 -s D:\软件\Java\maven\settings.xml -Dmaven.repo.local=D:\软件\Java\maven\repository package -P jdk18,nexus-profile"/>
    <property name="java.specification.vendor" value="Oracle Corporation"/>
    <property name="user.language" value="zh"/>
    <property name="awt.toolkit" value="sun.awt.windows.WToolkit"/>
    <property name="java.vm.info" value="mixed mode"/>
    <property name="java.version" value="1.8.0_91"/>
    <property name="java.ext.dirs" value="D:\软件\Java\jdk1.8.0_91\jre\lib\ext;C:\WINDOWS\Sun\Java\lib\ext"/>
    <property name="sun.boot.class.path" value="D:\软件\Java\jdk1.8.0_91\jre\lib\resources.jar;D:\软件\Java\jdk1.8.0_91\jre\lib\rt.jar;D:\软件\Java\jdk1.8.0_91\jre\lib\sunrsasign.jar;D:\软件\Java\jdk1.8.0_91\jre\lib\jsse.jar;D:\软件\Java\jdk1.8.0_91\jre\lib\jce.jar;D:\软件\Java\jdk1.8.0_91\jre\lib\charsets.jar;D:\软件\Java\jdk1.8.0_91\jre\lib\jfr.jar;D:\软件\Java\jdk1.8.0_91\jre\classes"/>
    <property name="java.vendor" value="Oracle Corporation"/>
    <property name="maven.home" value="D:\软件\Java\Intellj\IntelliJ IDEA 2020\plugins\maven\lib\maven3"/>
    <property name="file.separator" value="\"/>
    <property name="java.vendor.url.bug" value="http://bugreport.sun.com/bugreport/"/>
    <property name="sun.cpu.endian" value="little"/>
    <property name="sun.io.unicode.encoding" value="UnicodeLittle"/>
    <property name="sun.desktop" value="windows"/>
    <property name="sun.cpu.isalist" value="amd64"/>
  </properties>
  <testcase classname="org.eis.zwy.base.service.AppTest" name="testApp" time="0.001"/>
</testsuite>